<?xml version="1.0" encoding="UTF-8"?>
<!-- Generated by org.testng.reporters.JUnitReportReporter -->
<testsuite hostname="DESKTOP-MLVAP7K" failures="0" tests="1" name="variousConcepts.CustomerForm" time="7.205" errors="0" timestamp="2022-05-16T14:13:05 CDT" skipped="0">
  <testcase classname="variousConcepts.CustomerForm" name="addCustomerTest" time="7.205"/>
  <system-out/>
</testsuite> <!-- variousConcepts.CustomerForm -->
