<?xml version="1.0" encoding="UTF-8"?>
<!-- Generated by org.testng.reporters.JUnitReportReporter -->
<testsuite hostname="DESKTOP-MLVAP7K" failures="0" tests="1" name="variousConcepts.LogInWithTestNG" time="3.345" errors="0" timestamp="2022-05-13T20:25:27 CDT" skipped="0">
  <testcase classname="variousConcepts.LogInWithTestNG" name="loginTest" time="3.345"/>
  <system-out/>
</testsuite> <!-- variousConcepts.LogInWithTestNG -->
